<?xml version="1.0" encoding="UTF-8"?>
<testng-results ignored="0" total="1" passed="1" failed="0" skipped="0">
  <reporter-output>
  </reporter-output>
  <suite started-at="2025-02-24T22:40:33 IST" name="Default suite" finished-at="2025-02-24T22:41:03 IST" duration-ms="29683">
    <groups>
    </groups>
    <test started-at="2025-02-24T22:40:33 IST" name="Default test" finished-at="2025-02-24T22:41:03 IST" duration-ms="29683">
      <class name="com.testCases.TC001_Verify_Registration_Page">
        <test-method is-config="true" signature="setUp()[pri:0, instance:com.testCases.TC001_Verify_Registration_Page@682b2fa]" started-at="2025-02-24T22:40:33 IST" name="setUp" finished-at="2025-02-24T22:41:01 IST" duration-ms="27489" status="PASS">
          <reporter-output>
          </reporter-output>
        </test-method> <!-- setUp -->
        <test-method signature="verifyRegistration()[pri:1, instance:com.testCases.TC001_Verify_Registration_Page@682b2fa]" started-at="2025-02-24T22:41:01 IST" name="verifyRegistration" finished-at="2025-02-24T22:41:03 IST" duration-ms="1851" status="PASS">
          <reporter-output>
          </reporter-output>
        </test-method> <!-- verifyRegistration -->
        <test-method is-config="true" signature="tearDown()[pri:0, instance:com.testCases.TC001_Verify_Registration_Page@682b2fa]" started-at="2025-02-24T22:41:03 IST" name="tearDown" finished-at="2025-02-24T22:41:03 IST" duration-ms="286" status="PASS">
          <reporter-output>
          </reporter-output>
        </test-method> <!-- tearDown -->
      </class> <!-- com.testCases.TC001_Verify_Registration_Page -->
    </test> <!-- Default test -->
  </suite> <!-- Default suite -->
</testng-results>
